Using pre-set license
Built from '2021.1/staging' branch; Version is '2021.1.23f1 (b50729e604a9) revision 11863849'; Using compiler version '192528614'; Build Type 'Release'
OS: 'Windows 10 Enterprise; OS build 17763.1879; Version 1809; 64bit' Language: 'en' Physical Memory: 16202 MB
BatchMode: 1, IsHumanControllingUs: 0, StartBugReporterOnCrash: 0, Is64bit: 1, IsPro: 0

COMMAND LINE ARGUMENTS:
C:\Program Files\Unity\Hub\Editor\2021.1.23f1\Editor\Unity.exe
-adb2
-batchMode
-noUpm
-name
AssetImportWorker0
-projectPath
C:/Users/yeoez001/Documents/GitHub/sensilab-ar-sandbox
-logFile
Logs/AssetImportWorker0.log
-srvPort
52416
Successfully changed project path to: C:/Users/yeoez001/Documents/GitHub/sensilab-ar-sandbox
C:/Users/yeoez001/Documents/GitHub/sensilab-ar-sandbox
Using Asset Import Pipeline V2.
Refreshing native plugins compatible for Editor in 51.02 ms, found 3 plugins.
Preloading 0 native plugins for Editor in 0.00 ms.
Initialize engine version: 2021.1.23f1 (b50729e604a9)
[Subsystems] Discovering subsystems at path C:/Program Files/Unity/Hub/Editor/2021.1.23f1/Editor/Data/Resources/UnitySubsystems
[Subsystems] Discovering subsystems at path C:/Users/yeoez001/Documents/GitHub/sensilab-ar-sandbox/Assets
GfxDevice: creating device client; threaded=0; jobified=0
Direct3D:
    Version:  Direct3D 11.0 [level 11.1]
    Renderer: NVIDIA GeForce RTX 2070 (ID=0x1f02)
    Vendor:   NVIDIA
    VRAM:     8031 MB
    Driver:   27.21.14.5167
Initialize mono
Mono path[0] = 'C:/Program Files/Unity/Hub/Editor/2021.1.23f1/Editor/Data/Managed'
Mono path[1] = 'C:/Program Files/Unity/Hub/Editor/2021.1.23f1/Editor/Data/MonoBleedingEdge/lib/mono/unityjit'
Mono config path = 'C:/Program Files/Unity/Hub/Editor/2021.1.23f1/Editor/Data/MonoBleedingEdge/etc'
Using monoOptions --debugger-agent=transport=dt_socket,embedding=1,server=y,suspend=n,address=127.0.0.1:56980
Begin MonoManager ReloadAssembly
Registering precompiled unity dll's ...
Register platform support module: C:/Program Files/Unity/Hub/Editor/2021.1.23f1/Editor/Data/PlaybackEngines/WindowsStandaloneSupport/UnityEditor.WindowsStandalone.Extensions.dll
Registered in 0.000970 seconds.
Native extension for WindowsStandalone target not found
Refreshing native plugins compatible for Editor in 39.51 ms, found 3 plugins.
Preloading 0 native plugins for Editor in 0.00 ms.
Mono: successfully reloaded assembly
- Completed reload, in  1.070 seconds
Domain Reload Profiling:
	ReloadAssembly (1070ms)
		BeginReloadAssembly (50ms)
			ExecutionOrderSort (0ms)
			DisableScriptedObjects (0ms)
			BackupInstance (0ms)
			ReleaseScriptingObjects (0ms)
			CreateAndSetChildDomain (1ms)
		EndReloadAssembly (409ms)
			LoadAssemblies (49ms)
			RebuildTransferFunctionScriptingTraits (0ms)
			SetupTypeCache (144ms)
			ReleaseScriptCaches (0ms)
			RebuildScriptCaches (31ms)
			SetupLoadedEditorAssemblies (189ms)
				LogAssemblyErrors (0ms)
				InitializePlatformSupportModulesInManaged (6ms)
				SetLoadedEditorAssemblies (0ms)
				RefreshPlugins (40ms)
				BeforeProcessingInitializeOnLoad (1ms)
				ProcessInitializeOnLoadAttributes (110ms)
				ProcessInitializeOnLoadMethodAttributes (32ms)
				AfterProcessingInitializeOnLoad (0ms)
				EditorAssembliesLoaded (0ms)
			ExecutionOrderSort2 (0ms)
			AwakeInstancesAfterBackupRestoration (0ms)
Platform modules already initialized, skipping
Registering precompiled user dll's ...
Registered in 0.002827 seconds.
Begin MonoManager ReloadAssembly
Native extension for WindowsStandalone target not found
Refreshing native plugins compatible for Editor in 0.58 ms, found 3 plugins.
Preloading 0 native plugins for Editor in 0.00 ms.
Mono: successfully reloaded assembly
- Completed reload, in  1.070 seconds
Domain Reload Profiling:
	ReloadAssembly (1070ms)
		BeginReloadAssembly (152ms)
			ExecutionOrderSort (0ms)
			DisableScriptedObjects (5ms)
			BackupInstance (0ms)
			ReleaseScriptingObjects (0ms)
			CreateAndSetChildDomain (18ms)
		EndReloadAssembly (864ms)
			LoadAssemblies (80ms)
			RebuildTransferFunctionScriptingTraits (0ms)
			SetupTypeCache (261ms)
			ReleaseScriptCaches (0ms)
			RebuildScriptCaches (50ms)
			SetupLoadedEditorAssemblies (384ms)
				LogAssemblyErrors (0ms)
				InitializePlatformSupportModulesInManaged (5ms)
				SetLoadedEditorAssemblies (0ms)
				RefreshPlugins (1ms)
				BeforeProcessingInitializeOnLoad (60ms)
				ProcessInitializeOnLoadAttributes (251ms)
				ProcessInitializeOnLoadMethodAttributes (63ms)
				AfterProcessingInitializeOnLoad (4ms)
				EditorAssembliesLoaded (0ms)
			ExecutionOrderSort2 (0ms)
			AwakeInstancesAfterBackupRestoration (7ms)
Platform modules already initialized, skipping
========================================================================
Worker process is ready to serve import requests
Launched and connected shader compiler UnityShaderCompiler.exe after 0.03 seconds
Refreshing native plugins compatible for Editor in 0.63 ms, found 3 plugins.
Preloading 0 native plugins for Editor in 0.00 ms.
Unloading 2173 Unused Serialized files (Serialized files now loaded: 0)
System memory in use before: 90.2 MB.
System memory in use after: 90.3 MB.

Unloading 59 unused Assets to reduce memory usage. Loaded Objects now: 2598.
Total: 6.424800 ms (FindLiveObjects: 0.273400 ms CreateObjectMapping: 0.124900 ms MarkObjects: 5.939600 ms  DeleteObjects: 0.085100 ms)

AssetImportParameters requested are different than current active one (requested -> active):
  custom:framework-win-MediaFoundation: 216162199b28c13a410421893ffa2e32 -> 
  custom:video-decoder-ogg-theora: a1e56fd34408186e4bbccfd4996cb3dc -> 
  custom:container-muxer-webm: aa71ff27fc2769a1b78a27578f13a17b -> 
  custom:container-demuxer-webm: 4f35f7cbe854078d1ac9338744f61a02 -> 
  custom:container-demuxer-ogg: 62fdf1f143b41e24485cea50d1cbac27 -> 
  custom:video-encoder-webm-vp8: eb34c28f22e8b96e1ab97ce403110664 -> 
  custom:video-decoder-webm-vp8: 9c59270c3fd7afecdb556c50c9e8de78 -> 
  custom:audio-decoder-ogg-vorbis: bf7c407c2cedff20999df2af8eb42d56 -> 
  custom:audio-encoder-webm-vorbis: bf7c407c2cedff20999df2af8eb42d56 -> 
========================================================================
Received Import Request.
  path: Assets/yeoe/Line.prefab
  artifactKey: Guid(5d5ea5d555dbfff4991bf165b68f826d) Importer(815301076,1909f56bfc062723c751e8b465ee728b)
Start importing Assets/yeoe/Line.prefab using Guid(5d5ea5d555dbfff4991bf165b68f826d) Importer(815301076,1909f56bfc062723c751e8b465ee728b)  -> (artifact id: '2033621441b971758e6a53d82be6ba9b') in 0.092494 seconds 
========================================================================
Received Import Request.
  Time since last request: 0.000192 seconds.
  path: Assets/yeoe/LineMaterial.mat
  artifactKey: Guid(ca22af2bce8b18e4fb892d1cfb45b9ea) Importer(815301076,1909f56bfc062723c751e8b465ee728b)
Start importing Assets/yeoe/LineMaterial.mat using Guid(ca22af2bce8b18e4fb892d1cfb45b9ea) Importer(815301076,1909f56bfc062723c751e8b465ee728b)  -> (artifact id: 'f91d833c202e60af9abde7f8406955af') in 0.026224 seconds 
========================================================================
Received Import Request.
  Time since last request: 14.557480 seconds.
  path: Assets/yeoe/AnnotationsManager.cs
  artifactKey: Guid(1069e785b0d73374cba5ce4e26b0b9db) Importer(815301076,1909f56bfc062723c751e8b465ee728b)
Start importing Assets/yeoe/AnnotationsManager.cs using Guid(1069e785b0d73374cba5ce4e26b0b9db) Importer(815301076,1909f56bfc062723c751e8b465ee728b)  -> (artifact id: '372cde29ec888743d399c45567f49e82') in 0.002819 seconds 
========================================================================
Received Import Request.
  Time since last request: 1.949169 seconds.
  path: Assets/yeoe/AnnotationsManager.cs
  artifactKey: Guid(1069e785b0d73374cba5ce4e26b0b9db) Importer(815301076,1909f56bfc062723c751e8b465ee728b)
Start importing Assets/yeoe/AnnotationsManager.cs using Guid(1069e785b0d73374cba5ce4e26b0b9db) Importer(815301076,1909f56bfc062723c751e8b465ee728b)  -> (artifact id: 'df3b17307af2266b5018a88dcb0781a9') in 0.001327 seconds 
========================================================================
Received Prepare
Registering precompiled user dll's ...
Registered in 0.002735 seconds.
Begin MonoManager ReloadAssembly
Native extension for WindowsStandalone target not found
Refreshing native plugins compatible for Editor in 0.70 ms, found 3 plugins.
Preloading 0 native plugins for Editor in 0.00 ms.
Mono: successfully reloaded assembly
- Completed reload, in  0.994 seconds
Domain Reload Profiling:
	ReloadAssembly (995ms)
		BeginReloadAssembly (107ms)
			ExecutionOrderSort (0ms)
			DisableScriptedObjects (7ms)
			BackupInstance (0ms)
			ReleaseScriptingObjects (0ms)
			CreateAndSetChildDomain (34ms)
		EndReloadAssembly (833ms)
			LoadAssemblies (79ms)
			RebuildTransferFunctionScriptingTraits (0ms)
			SetupTypeCache (262ms)
			ReleaseScriptCaches (1ms)
			RebuildScriptCaches (43ms)
			SetupLoadedEditorAssemblies (360ms)
				LogAssemblyErrors (0ms)
				InitializePlatformSupportModulesInManaged (5ms)
				SetLoadedEditorAssemblies (0ms)
				RefreshPlugins (1ms)
				BeforeProcessingInitializeOnLoad (50ms)
				ProcessInitializeOnLoadAttributes (232ms)
				ProcessInitializeOnLoadMethodAttributes (68ms)
				AfterProcessingInitializeOnLoad (4ms)
				EditorAssembliesLoaded (0ms)
			ExecutionOrderSort2 (0ms)
			AwakeInstancesAfterBackupRestoration (7ms)
Platform modules already initialized, skipping
Refreshing native plugins compatible for Editor in 0.62 ms, found 3 plugins.
Preloading 0 native plugins for Editor in 0.00 ms.
Unloading 2156 Unused Serialized files (Serialized files now loaded: 0)
System memory in use before: 92.9 MB.
System memory in use after: 93.0 MB.

Unloading 50 unused Assets to reduce memory usage. Loaded Objects now: 2640.
Total: 6.615600 ms (FindLiveObjects: 0.224500 ms CreateObjectMapping: 0.196600 ms MarkObjects: 6.165700 ms  DeleteObjects: 0.027500 ms)

AssetImportParameters requested are different than current active one (requested -> active):
  custom:framework-win-MediaFoundation: 216162199b28c13a410421893ffa2e32 -> 
  custom:video-decoder-ogg-theora: a1e56fd34408186e4bbccfd4996cb3dc -> 
  custom:container-muxer-webm: aa71ff27fc2769a1b78a27578f13a17b -> 
  custom:container-demuxer-webm: 4f35f7cbe854078d1ac9338744f61a02 -> 
  custom:container-demuxer-ogg: 62fdf1f143b41e24485cea50d1cbac27 -> 
  custom:video-encoder-webm-vp8: eb34c28f22e8b96e1ab97ce403110664 -> 
  custom:video-decoder-webm-vp8: 9c59270c3fd7afecdb556c50c9e8de78 -> 
  custom:audio-decoder-ogg-vorbis: bf7c407c2cedff20999df2af8eb42d56 -> 
  custom:audio-encoder-webm-vorbis: bf7c407c2cedff20999df2af8eb42d56 -> 
========================================================================
Received Import Request.
  Time since last request: 48.771254 seconds.
  path: Assets/yeoe/AnnotationLineMaterial.mat
  artifactKey: Guid(ca22af2bce8b18e4fb892d1cfb45b9ea) Importer(815301076,1909f56bfc062723c751e8b465ee728b)
Start importing Assets/yeoe/AnnotationLineMaterial.mat using Guid(ca22af2bce8b18e4fb892d1cfb45b9ea) Importer(815301076,1909f56bfc062723c751e8b465ee728b)  -> (artifact id: '83a880530cd43991910b1cce2f4ed9d0') in 0.050726 seconds 
========================================================================
Received Import Request.
  Time since last request: 6.202218 seconds.
  path: Assets/yeoe/AnnotationLine.prefab
  artifactKey: Guid(5d5ea5d555dbfff4991bf165b68f826d) Importer(815301076,1909f56bfc062723c751e8b465ee728b)
Start importing Assets/yeoe/AnnotationLine.prefab using Guid(5d5ea5d555dbfff4991bf165b68f826d) Importer(815301076,1909f56bfc062723c751e8b465ee728b)  -> (artifact id: '104b5854bd57aef6b9d3006ba7ba5e90') in 0.015244 seconds 
========================================================================
Received Import Request.
  Time since last request: 96.350362 seconds.
  path: Assets/Sandbox/Scripts/FireSimulation/FireSimulation.cs
  artifactKey: Guid(d2e8e7a1593452f458a7c0c43cc28422) Importer(815301076,1909f56bfc062723c751e8b465ee728b)
Start importing Assets/Sandbox/Scripts/FireSimulation/FireSimulation.cs using Guid(d2e8e7a1593452f458a7c0c43cc28422) Importer(815301076,1909f56bfc062723c751e8b465ee728b)  -> (artifact id: '75bacd4e94e63957ac2c0acaa74e77e4') in 0.001323 seconds 
========================================================================
Received Import Request.
  Time since last request: 114.040859 seconds.
  path: Assets/Sandbox/Textures/TopographyColours.png
  artifactKey: Guid(b501964027f6ad841887de1a370f6e99) Importer(815301076,1909f56bfc062723c751e8b465ee728b)
Start importing Assets/Sandbox/Textures/TopographyColours.png using Guid(b501964027f6ad841887de1a370f6e99) Importer(815301076,1909f56bfc062723c751e8b465ee728b)  -> (artifact id: '41fc83ac14f550b96dc2e26f79a0a78c') in 0.014065 seconds 
========================================================================
Received Import Request.
  Time since last request: 9.313356 seconds.
  path: Assets/Sandbox/Prefabs/TopographyBuilder
  artifactKey: Guid(cae3227fb789c1845b0a7ae7758e93fd) Importer(815301076,1909f56bfc062723c751e8b465ee728b)
Start importing Assets/Sandbox/Prefabs/TopographyBuilder using Guid(cae3227fb789c1845b0a7ae7758e93fd) Importer(815301076,1909f56bfc062723c751e8b465ee728b)  -> (artifact id: 'a23720490c7e9de8e9055e0871e30908') in 0.001363 seconds 
